<?xml version="1.0" encoding="UTF-8"?>
<testng-results ignored="0" total="1" passed="1" failed="0" skipped="0">
  <reporter-output>
  </reporter-output>
  <suite started-at="2024-12-25T15:49:45 IST" name="Suite" finished-at="2024-12-25T15:50:05 IST" duration-ms="19559">
    <groups>
    </groups>
    <test started-at="2024-12-25T15:49:45 IST" name="Test" finished-at="2024-12-25T15:50:05 IST" duration-ms="19559">
      <class name="package_amazon.Project_Amazon_new.TC1_Addtocart">
        <test-method signature="login_amazon()[pri:0, instance:package_amazon.Project_Amazon_new.TC1_Addtocart@53aac487]" started-at="2024-12-25T15:49:45 IST" name="login_amazon" finished-at="2024-12-25T15:50:05 IST" duration-ms="19519" status="PASS">
          <reporter-output>
          </reporter-output>
        </test-method> <!-- login_amazon -->
      </class> <!-- package_amazon.Project_Amazon_new.TC1_Addtocart -->
    </test> <!-- Test -->
  </suite> <!-- Suite -->
</testng-results>
