<?xml version="1.0" encoding="UTF-8"?>
<testng-results ignored="0" total="1" passed="1" failed="0" skipped="0">
  <reporter-output>
  </reporter-output>
  <suite started-at="2024-12-24T08:22:16 IST" name="Default suite" finished-at="2024-12-24T08:22:35 IST" duration-ms="18434">
    <groups>
    </groups>
    <test started-at="2024-12-24T08:22:16 IST" name="Default test" finished-at="2024-12-24T08:22:35 IST" duration-ms="18434">
      <class name="package_amazon.Project_Amazon_new.TC1_Addtocart">
        <test-method signature="login_amazon()[pri:0, instance:package_amazon.Project_Amazon_new.TC1_Addtocart@3c7f66c4]" started-at="2024-12-24T08:22:16 IST" name="login_amazon" finished-at="2024-12-24T08:22:35 IST" duration-ms="18407" status="PASS">
          <reporter-output>
          </reporter-output>
        </test-method> <!-- login_amazon -->
      </class> <!-- package_amazon.Project_Amazon_new.TC1_Addtocart -->
    </test> <!-- Default test -->
  </suite> <!-- Default suite -->
</testng-results>
